<?xml version="1.0" encoding="UTF-8"?>
<!-- Generated by org.testng.reporters.JUnitXMLReporter -->
<testsuite hostname="HQ88" ignored="0" name="Free CRM App Test Cases" tests="9" failures="0" timestamp="23 oct 2018 01:46:52 GMT" time="101.692" errors="0">
  <testcase name="loginPageTitleTest" time="0.022" classname="com.crm.qa.testcases.LoginPageTest"/>
  <testcase name="verifyHomePageTitle" time="0.015" classname="com.crm.qa.testcases.HomePageTest"/>
  <testcase name="validateContacstPageMessage" time="0.084" classname="com.crm.qa.testcases.ContactsPageTest"/>
  <testcase name="loginPageValidateLogoTest" time="0.039" classname="com.crm.qa.testcases.LoginPageTest"/>
  <testcase name="verifyCorrectUserName" time="0.082" classname="com.crm.qa.testcases.HomePageTest"/>
  <testcase name="validateCreateNewContact" time="5.409" classname="com.crm.qa.testcases.ContactsPageTest"/>
  <testcase name="validateCreateNewContact" time="4.13" classname="com.crm.qa.testcases.ContactsPageTest"/>
  <testcase name="validateCreateNewContact" time="3.822" classname="com.crm.qa.testcases.ContactsPageTest"/>
  <testcase name="loginPageValidateLoginTest" time="3.469" classname="com.crm.qa.testcases.LoginPageTest"/>
</testsuite> <!-- Free CRM App Test Cases -->
