<?xml version="1.0" encoding="UTF-8"?>
<!-- Generated by org.testng.reporters.JUnitXMLReporter -->
<testsuite hostname="HQ88" ignored="0" name="Command line test" tests="9" failures="0" timestamp="03 nov 2018 21:05:27 GMT" time="173.214" errors="0">
  <testcase name="validateContacstPageMessage" time="0.109" classname="com.crm.qa.testcases.ContactsPageTest"/>
  <testcase name="verifyHomePageTitle" time="0.018" classname="com.crm.qa.testcases.HomePageTest"/>
  <testcase name="loginPageTitleTest" time="0.013" classname="com.crm.qa.testcases.LoginPageTest"/>
  <testcase name="validateCreateNewContact" time="5.402" classname="com.crm.qa.testcases.ContactsPageTest"/>
  <testcase name="validateCreateNewContact" time="4.874" classname="com.crm.qa.testcases.ContactsPageTest"/>
  <testcase name="validateCreateNewContact" time="6.85" classname="com.crm.qa.testcases.ContactsPageTest"/>
  <testcase name="verifyCorrectUserName" time="0.121" classname="com.crm.qa.testcases.HomePageTest"/>
  <testcase name="loginPageValidateLogoTest" time="0.075" classname="com.crm.qa.testcases.LoginPageTest"/>
  <testcase name="loginPageValidateLoginTest" time="5.364" classname="com.crm.qa.testcases.LoginPageTest"/>
</testsuite> <!-- Command line test -->
