<?xml version="1.0" encoding="UTF-8"?>
<testng-results skipped="0" failed="0" ignored="0" total="9" passed="9">
  <reporter-output>
  </reporter-output>
  <suite name="Command line suite" duration-ms="173214" started-at="2018-11-03T21:02:33Z" finished-at="2018-11-03T21:05:27Z">
    <groups>
    </groups>
    <test name="Command line test" duration-ms="173214" started-at="2018-11-03T21:02:33Z" finished-at="2018-11-03T21:05:27Z">
      <class name="com.crm.qa.testcases.HomePageTest">
        <test-method status="PASS" signature="setUp()[pri:0, instance:com.crm.qa.testcases.HomePageTest@3f2a3a5]" name="setUp" is-config="true" duration-ms="20139" started-at="2018-11-03T15:03:02Z" finished-at="2018-11-03T15:03:22Z">
          <reporter-output>
          </reporter-output>
        </test-method> <!-- setUp -->
        <test-method status="PASS" signature="verifyHomePageTitle()[pri:1, instance:com.crm.qa.testcases.HomePageTest@3f2a3a5]" name="verifyHomePageTitle" duration-ms="18" started-at="2018-11-03T15:03:22Z" finished-at="2018-11-03T15:03:22Z">
          <reporter-output>
          </reporter-output>
        </test-method> <!-- verifyHomePageTitle -->
        <test-method status="PASS" signature="tearDown()[pri:0, instance:com.crm.qa.testcases.HomePageTest@3f2a3a5]" name="tearDown" is-config="true" duration-ms="692" started-at="2018-11-03T15:03:22Z" finished-at="2018-11-03T15:03:23Z">
          <reporter-output>
          </reporter-output>
        </test-method> <!-- tearDown -->
        <test-method status="PASS" signature="setUp()[pri:0, instance:com.crm.qa.testcases.HomePageTest@3f2a3a5]" name="setUp" is-config="true" duration-ms="16714" started-at="2018-11-03T15:04:45Z" finished-at="2018-11-03T15:05:02Z">
          <reporter-output>
          </reporter-output>
        </test-method> <!-- setUp -->
        <test-method status="PASS" signature="verifyCorrectUserName()[pri:2, instance:com.crm.qa.testcases.HomePageTest@3f2a3a5]" name="verifyCorrectUserName" duration-ms="121" started-at="2018-11-03T15:05:02Z" finished-at="2018-11-03T15:05:02Z">
          <reporter-output>
          </reporter-output>
        </test-method> <!-- verifyCorrectUserName -->
        <test-method status="PASS" signature="tearDown()[pri:0, instance:com.crm.qa.testcases.HomePageTest@3f2a3a5]" name="tearDown" is-config="true" duration-ms="692" started-at="2018-11-03T15:05:02Z" finished-at="2018-11-03T15:05:03Z">
          <reporter-output>
          </reporter-output>
        </test-method> <!-- tearDown -->
      </class> <!-- com.crm.qa.testcases.HomePageTest -->
      <class name="com.crm.qa.testcases.ContactsPageTest">
        <test-method status="PASS" signature="setUp()[pri:0, instance:com.crm.qa.testcases.ContactsPageTest@60addb54]" name="setUp" is-config="true" duration-ms="27562" started-at="2018-11-03T15:02:33Z" finished-at="2018-11-03T15:03:01Z">
          <reporter-output>
          </reporter-output>
        </test-method> <!-- setUp -->
        <test-method status="PASS" signature="validateContacstPageMessage()[pri:1, instance:com.crm.qa.testcases.ContactsPageTest@60addb54]" name="validateContacstPageMessage" duration-ms="109" started-at="2018-11-03T15:03:01Z" finished-at="2018-11-03T15:03:01Z">
          <reporter-output>
          </reporter-output>
        </test-method> <!-- validateContacstPageMessage -->
        <test-method status="PASS" signature="tearDown()[pri:0, instance:com.crm.qa.testcases.ContactsPageTest@60addb54]" name="tearDown" is-config="true" duration-ms="635" started-at="2018-11-03T15:03:01Z" finished-at="2018-11-03T15:03:02Z">
          <reporter-output>
          </reporter-output>
        </test-method> <!-- tearDown -->
        <test-method status="PASS" signature="setUp()[pri:0, instance:com.crm.qa.testcases.ContactsPageTest@60addb54]" name="setUp" is-config="true" duration-ms="19359" started-at="2018-11-03T15:03:34Z" finished-at="2018-11-03T15:03:54Z">
          <reporter-output>
          </reporter-output>
        </test-method> <!-- setUp -->
        <test-method status="PASS" signature="validateCreateNewContact(java.lang.String, java.lang.String, java.lang.String, java.lang.String)[pri:2, instance:com.crm.qa.testcases.ContactsPageTest@60addb54]" name="validateCreateNewContact" duration-ms="5402" started-at="2018-11-03T15:03:54Z" data-provider="getTestData" finished-at="2018-11-03T15:03:59Z">
          <params>
            <param index="0">
              <value>
                <![CDATA[Mr.]]>
              </value>
            </param>
            <param index="1">
              <value>
                <![CDATA[Hugo]]>
              </value>
            </param>
            <param index="2">
              <value>
                <![CDATA[Quezada]]>
              </value>
            </param>
            <param index="3">
              <value>
                <![CDATA[Google]]>
              </value>
            </param>
          </params>
          <reporter-output>
          </reporter-output>
        </test-method> <!-- validateCreateNewContact -->
        <test-method status="PASS" signature="tearDown()[pri:0, instance:com.crm.qa.testcases.ContactsPageTest@60addb54]" name="tearDown" is-config="true" duration-ms="654" started-at="2018-11-03T15:03:59Z" finished-at="2018-11-03T15:04:00Z">
          <reporter-output>
          </reporter-output>
        </test-method> <!-- tearDown -->
        <test-method status="PASS" signature="setUp()[pri:0, instance:com.crm.qa.testcases.ContactsPageTest@60addb54]" name="setUp" is-config="true" duration-ms="17209" started-at="2018-11-03T15:04:00Z" finished-at="2018-11-03T15:04:17Z">
          <reporter-output>
          </reporter-output>
        </test-method> <!-- setUp -->
        <test-method status="PASS" signature="validateCreateNewContact(java.lang.String, java.lang.String, java.lang.String, java.lang.String)[pri:2, instance:com.crm.qa.testcases.ContactsPageTest@60addb54]" name="validateCreateNewContact" duration-ms="4874" started-at="2018-11-03T15:04:17Z" data-provider="getTestData" finished-at="2018-11-03T15:04:22Z">
          <params>
            <param index="0">
              <value>
                <![CDATA[Dr.]]>
              </value>
            </param>
            <param index="1">
              <value>
                <![CDATA[Juan]]>
              </value>
            </param>
            <param index="2">
              <value>
                <![CDATA[Perez]]>
              </value>
            </param>
            <param index="3">
              <value>
                <![CDATA[Amazon]]>
              </value>
            </param>
          </params>
          <reporter-output>
          </reporter-output>
        </test-method> <!-- validateCreateNewContact -->
        <test-method status="PASS" signature="tearDown()[pri:0, instance:com.crm.qa.testcases.ContactsPageTest@60addb54]" name="tearDown" is-config="true" duration-ms="662" started-at="2018-11-03T15:04:22Z" finished-at="2018-11-03T15:04:23Z">
          <reporter-output>
          </reporter-output>
        </test-method> <!-- tearDown -->
        <test-method status="PASS" signature="setUp()[pri:0, instance:com.crm.qa.testcases.ContactsPageTest@60addb54]" name="setUp" is-config="true" duration-ms="15049" started-at="2018-11-03T15:04:23Z" finished-at="2018-11-03T15:04:38Z">
          <reporter-output>
          </reporter-output>
        </test-method> <!-- setUp -->
        <test-method status="PASS" signature="validateCreateNewContact(java.lang.String, java.lang.String, java.lang.String, java.lang.String)[pri:2, instance:com.crm.qa.testcases.ContactsPageTest@60addb54]" name="validateCreateNewContact" duration-ms="6850" started-at="2018-11-03T15:04:38Z" data-provider="getTestData" finished-at="2018-11-03T15:04:44Z">
          <params>
            <param index="0">
              <value>
                <![CDATA[Mrs.]]>
              </value>
            </param>
            <param index="1">
              <value>
                <![CDATA[Alessandra]]>
              </value>
            </param>
            <param index="2">
              <value>
                <![CDATA[Montalvo]]>
              </value>
            </param>
            <param index="3">
              <value>
                <![CDATA[Tata]]>
              </value>
            </param>
          </params>
          <reporter-output>
          </reporter-output>
        </test-method> <!-- validateCreateNewContact -->
        <test-method status="PASS" signature="tearDown()[pri:0, instance:com.crm.qa.testcases.ContactsPageTest@60addb54]" name="tearDown" is-config="true" duration-ms="692" started-at="2018-11-03T15:04:44Z" finished-at="2018-11-03T15:04:45Z">
          <reporter-output>
          </reporter-output>
        </test-method> <!-- tearDown -->
      </class> <!-- com.crm.qa.testcases.ContactsPageTest -->
      <class name="com.crm.qa.testcases.LoginPageTest">
        <test-method status="PASS" signature="setUp()[pri:0, instance:com.crm.qa.testcases.LoginPageTest@4cb2c100]" name="setUp" is-config="true" duration-ms="10075" started-at="2018-11-03T15:03:23Z" finished-at="2018-11-03T15:03:33Z">
          <reporter-output>
          </reporter-output>
        </test-method> <!-- setUp -->
        <test-method status="PASS" signature="loginPageTitleTest()[pri:1, instance:com.crm.qa.testcases.LoginPageTest@4cb2c100]" name="loginPageTitleTest" duration-ms="13" started-at="2018-11-03T15:03:33Z" finished-at="2018-11-03T15:03:33Z">
          <reporter-output>
          </reporter-output>
        </test-method> <!-- loginPageTitleTest -->
        <test-method status="PASS" signature="tearDown()[pri:0, instance:com.crm.qa.testcases.LoginPageTest@4cb2c100]" name="tearDown" is-config="true" duration-ms="652" started-at="2018-11-03T15:03:33Z" finished-at="2018-11-03T15:03:33Z">
          <reporter-output>
          </reporter-output>
        </test-method> <!-- tearDown -->
        <test-method status="PASS" signature="setUp()[pri:0, instance:com.crm.qa.testcases.LoginPageTest@4cb2c100]" name="setUp" is-config="true" duration-ms="9334" started-at="2018-11-03T15:05:03Z" finished-at="2018-11-03T15:05:12Z">
          <reporter-output>
          </reporter-output>
        </test-method> <!-- setUp -->
        <test-method status="PASS" signature="loginPageValidateLogoTest()[pri:2, instance:com.crm.qa.testcases.LoginPageTest@4cb2c100]" name="loginPageValidateLogoTest" duration-ms="75" started-at="2018-11-03T15:05:12Z" finished-at="2018-11-03T15:05:12Z">
          <reporter-output>
          </reporter-output>
        </test-method> <!-- loginPageValidateLogoTest -->
        <test-method status="PASS" signature="tearDown()[pri:0, instance:com.crm.qa.testcases.LoginPageTest@4cb2c100]" name="tearDown" is-config="true" duration-ms="662" started-at="2018-11-03T15:05:12Z" finished-at="2018-11-03T15:05:13Z">
          <reporter-output>
          </reporter-output>
        </test-method> <!-- tearDown -->
        <test-method status="PASS" signature="setUp()[pri:0, instance:com.crm.qa.testcases.LoginPageTest@4cb2c100]" name="setUp" is-config="true" duration-ms="7947" started-at="2018-11-03T15:05:13Z" finished-at="2018-11-03T15:05:21Z">
          <reporter-output>
          </reporter-output>
        </test-method> <!-- setUp -->
        <test-method status="PASS" signature="loginPageValidateLoginTest()[pri:3, instance:com.crm.qa.testcases.LoginPageTest@4cb2c100]" name="loginPageValidateLoginTest" duration-ms="5364" started-at="2018-11-03T15:05:21Z" finished-at="2018-11-03T15:05:26Z">
          <reporter-output>
          </reporter-output>
        </test-method> <!-- loginPageValidateLoginTest -->
        <test-method status="PASS" signature="tearDown()[pri:0, instance:com.crm.qa.testcases.LoginPageTest@4cb2c100]" name="tearDown" is-config="true" duration-ms="674" started-at="2018-11-03T15:05:26Z" finished-at="2018-11-03T15:05:27Z">
          <reporter-output>
          </reporter-output>
        </test-method> <!-- tearDown -->
      </class> <!-- com.crm.qa.testcases.LoginPageTest -->
    </test> <!-- Command line test -->
  </suite> <!-- Command line suite -->
</testng-results>
